<?xml version="1.0" encoding="UTF-8"?>
<!-- Generated by org.testng.reporters.JUnitXMLReporter -->
<testsuite ignored="3" hostname="INBOOK_X2_PLUS" failures="1" tests="1" name="Test" time="47.044" errors="0" timestamp="2025-02-26T00:26:53 IST">
  <testcase classname="orgTestBatch.CreateOrgTestNew" name="createOrgTest" time="21.797">
    <failure type="java.lang.AssertionError" message="expected [true] but found [false]">
      <![CDATA[java.lang.AssertionError: expected [true] but found [false]
at orgTestBatch.CreateOrgTestNew.createOrgTest(CreateOrgTestNew.java:67)
at java.base/java.util.ArrayList.forEach(ArrayList.java:1597)
... Removed 32 stack frames]]>
    </failure>
  </testcase> <!-- createOrgTest -->
  <testcase classname="orgTestBatch.CreateOrgTestNew" name="createOrgTestWithPhNumber" time="0.0">
    <ignored/>
  </testcase> <!-- createOrgTestWithPhNumber -->
  <testcase classname="orgTestBatch.CreateOrgTestNew" name="DeleteOrgTest" time="0.0">
    <ignored/>
  </testcase> <!-- DeleteOrgTest -->
  <testcase classname="orgTestBatch.CreateOrgTestNew" name="createOrgTestWithDropdowns" time="0.0">
    <ignored/>
  </testcase> <!-- createOrgTestWithDropdowns -->
</testsuite> <!-- Test -->
