<?xml version="1.0" encoding="UTF-8"?>
<testng-results ignored="0" total="1" passed="0" failed="1" skipped="0">
  <reporter-output>
  </reporter-output>
  <suite started-at="2025-02-26T00:26:06 IST" name="Suite" finished-at="2025-02-26T00:26:53 IST" duration-ms="47044">
    <groups>
      <group name="smokeTest">
        <method signature="CreateOrgTestNew.createOrgTest()[pri:0, instance:orgTestBatch.CreateOrgTestNew@bccb269]" name="createOrgTest" class="orgTestBatch.CreateOrgTestNew"/>
      </group> <!-- smokeTest -->
    </groups>
    <test started-at="2025-02-26T00:26:06 IST" name="Test" finished-at="2025-02-26T00:26:53 IST" duration-ms="47044">
      <class name="orgTestBatch.CreateOrgTestNew">
        <test-method is-config="true" signature="configBS()[pri:0, instance:orgTestBatch.CreateOrgTestNew@bccb269]" started-at="2025-02-26T00:26:05 IST" name="configBS" finished-at="2025-02-26T00:26:06 IST" duration-ms="454" status="PASS">
          <reporter-output>
          </reporter-output>
        </test-method> <!-- configBS -->
        <test-method is-config="true" signature="configBC(java.lang.String)[pri:0, instance:orgTestBatch.CreateOrgTestNew@bccb269]" started-at="2025-02-26T00:26:06 IST" name="configBC" finished-at="2025-02-26T00:26:20 IST" duration-ms="13846" status="PASS">
          <params>
            <param index="0">
              <value>
                <![CDATA[BROWSER]]>
              </value>
            </param>
          </params>
          <reporter-output>
          </reporter-output>
        </test-method> <!-- configBC -->
        <test-method is-config="true" signature="configBM()[pri:0, instance:orgTestBatch.CreateOrgTestNew@bccb269]" started-at="2025-02-26T00:26:20 IST" name="configBM" finished-at="2025-02-26T00:26:27 IST" duration-ms="7789" status="PASS">
          <reporter-output>
          </reporter-output>
        </test-method> <!-- configBM -->
        <test-method signature="createOrgTest()[pri:0, instance:orgTestBatch.CreateOrgTestNew@bccb269]" started-at="2025-02-26T00:26:27 IST" name="createOrgTest" finished-at="2025-02-26T00:26:49 IST" duration-ms="21797" status="FAIL">
          <exception class="java.lang.AssertionError">
            <message>
              <![CDATA[expected [true] but found [false]]]>
            </message>
            <full-stacktrace>
              <![CDATA[java.lang.AssertionError: expected [true] but found [false]
at org.testng.Assert.fail(Assert.java:111)
at org.testng.Assert.failNotEquals(Assert.java:1578)
at org.testng.Assert.assertEqualsImpl(Assert.java:150)
at org.testng.Assert.assertEquals(Assert.java:132)
at org.testng.Assert.assertEquals(Assert.java:1067)
at org.testng.Assert.assertEquals(Assert.java:1031)
at org.testng.Assert.assertEquals(Assert.java:1077)
at orgTestBatch.CreateOrgTestNew.createOrgTest(CreateOrgTestNew.java:67)
at java.base/jdk.internal.reflect.DirectMethodHandleAccessor.invoke(DirectMethodHandleAccessor.java:103)
at java.base/java.lang.reflect.Method.invoke(Method.java:580)
at org.testng.internal.invokers.MethodInvocationHelper.invokeMethod(MethodInvocationHelper.java:141)
at org.testng.internal.invokers.TestInvoker.invokeMethod(TestInvoker.java:686)
at org.testng.internal.invokers.TestInvoker.invokeTestMethod(TestInvoker.java:230)
at org.testng.internal.invokers.MethodRunner.runInSequence(MethodRunner.java:63)
at org.testng.internal.invokers.TestInvoker$MethodInvocationAgent.invoke(TestInvoker.java:992)
at org.testng.internal.invokers.TestInvoker.invokeTestMethods(TestInvoker.java:203)
at org.testng.internal.invokers.TestMethodWorker.invokeTestMethods(TestMethodWorker.java:154)
at org.testng.internal.invokers.TestMethodWorker.run(TestMethodWorker.java:134)
at java.base/java.util.ArrayList.forEach(ArrayList.java:1597)
at org.testng.TestRunner.privateRun(TestRunner.java:739)
at org.testng.TestRunner.run(TestRunner.java:614)
at org.testng.SuiteRunner.runTest(SuiteRunner.java:421)
at org.testng.SuiteRunner.runSequentially(SuiteRunner.java:413)
at org.testng.SuiteRunner.privateRun(SuiteRunner.java:373)
at org.testng.SuiteRunner.run(SuiteRunner.java:312)
at org.testng.SuiteRunnerWorker.runSuite(SuiteRunnerWorker.java:52)
at org.testng.SuiteRunnerWorker.run(SuiteRunnerWorker.java:95)
at org.testng.TestNG.runSuitesSequentially(TestNG.java:1274)
at org.testng.TestNG.runSuitesLocally(TestNG.java:1208)
at org.testng.TestNG.runSuites(TestNG.java:1112)
at org.testng.TestNG.run(TestNG.java:1079)
at org.testng.remote.AbstractRemoteTestNG.run(AbstractRemoteTestNG.java:115)
at org.testng.remote.RemoteTestNG.initAndRun(RemoteTestNG.java:293)
at org.testng.remote.RemoteTestNG.main(RemoteTestNG.java:91)
]]>
            </full-stacktrace>
          </exception> <!-- java.lang.AssertionError -->
          <reporter-output>
          </reporter-output>
        </test-method> <!-- createOrgTest -->
        <test-method is-config="true" signature="configAM()[pri:0, instance:orgTestBatch.CreateOrgTestNew@bccb269]" started-at="2025-02-26T00:26:50 IST" name="configAM" finished-at="2025-02-26T00:26:52 IST" duration-ms="2694" status="PASS">
          <reporter-output>
          </reporter-output>
        </test-method> <!-- configAM -->
        <test-method is-config="true" signature="configAC()[pri:0, instance:orgTestBatch.CreateOrgTestNew@bccb269]" started-at="2025-02-26T00:26:52 IST" name="configAC" finished-at="2025-02-26T00:26:53 IST" duration-ms="367" status="PASS">
          <reporter-output>
          </reporter-output>
        </test-method> <!-- configAC -->
        <test-method is-config="true" signature="configAS()[pri:0, instance:orgTestBatch.CreateOrgTestNew@bccb269]" started-at="2025-02-26T00:26:53 IST" name="configAS" finished-at="2025-02-26T00:26:53 IST" duration-ms="16" status="PASS">
          <reporter-output>
          </reporter-output>
        </test-method> <!-- configAS -->
      </class> <!-- orgTestBatch.CreateOrgTestNew -->
    </test> <!-- Test -->
  </suite> <!-- Suite -->
</testng-results>
